[2021-03-21 00:15:45] local.ERROR: No application encryption key has been specified. {"exception":"[object] (RuntimeException(code: 0): No application encryption key has been specified. at /var/www/vendor/laravel/framework/src/Illuminate/Encryption/EncryptionServiceProvider.php:80)
[stacktrace]
#0 /var/www/vendor/laravel/framework/src/Illuminate/Support/helpers.php(433): Illuminate\\Encryption\\EncryptionServiceProvider->Illuminate\\Encryption\\{closure}('')
#1 /var/www/vendor/laravel/framework/src/Illuminate/Encryption/EncryptionServiceProvider.php(84): tap('', Object(Closure))
#2 /var/www/vendor/laravel/framework/src/Illuminate/Encryption/EncryptionServiceProvider.php(61): Illuminate\\Encryption\\EncryptionServiceProvider->key(Array)
#3 /var/www/vendor/laravel/framework/src/Illuminate/Encryption/EncryptionServiceProvider.php(33): Illuminate\\Encryption\\EncryptionServiceProvider->parseKey(Array)
#4 /var/www/vendor/laravel/framework/src/Illuminate/Container/Container.php(805): Illuminate\\Encryption\\EncryptionServiceProvider->Illuminate\\Encryption\\{closure}(Object(Illuminate\\Foundation\\Application), Array)
#5 /var/www/vendor/laravel/framework/src/Illuminate/Container/Container.php(691): Illuminate\\Container\\Container->build(Object(Closure))
#6 /var/www/vendor/laravel/framework/src/Illuminate/Foundation/Application.php(796): Illuminate\\Container\\Container->resolve('encrypter', Array, true)
#7 /var/www/vendor/laravel/framework/src/Illuminate/Container/Container.php(637): Illuminate\\Foundation\\Application->resolve('encrypter', Array)
#8 /var/www/vendor/laravel/framework/src/Illuminate/Foundation/Application.php(781): Illuminate\\Container\\Container->make('encrypter', Array)
#9 /var/www/vendor/laravel/framework/src/Illuminate/Container/Container.php(959): Illuminate\\Foundation\\Application->make('encrypter')
#10 /var/www/vendor/laravel/framework/src/Illuminate/Container/Container.php(879): Illuminate\\Container\\Container->resolveClass(Object(ReflectionParameter))
#11 /var/www/vendor/laravel/framework/src/Illuminate/Container/Container.php(840): Illuminate\\Container\\Container->resolveDependencies(Array)
#12 /var/www/vendor/laravel/framework/src/Illuminate/Container/Container.php(691): Illuminate\\Container\\Container->build('App\\\\Http\\\\Middle...')
#13 /var/www/vendor/laravel/framework/src/Illuminate/Foundation/Application.php(796): Illuminate\\Container\\Container->resolve('App\\\\Http\\\\Middle...', Array, true)
#14 /var/www/vendor/laravel/framework/src/Illuminate/Container/Container.php(637): Illuminate\\Foundation\\Application->resolve('App\\\\Http\\\\Middle...', Array)
#15 /var/www/vendor/laravel/framework/src/Illuminate/Foundation/Application.php(781): Illuminate\\Container\\Container->make('App\\\\Http\\\\Middle...', Array)
#16 /var/www/vendor/laravel/framework/src/Illuminate/Pipeline/Pipeline.php(156): Illuminate\\Foundation\\Application->make('App\\\\Http\\\\Middle...')
#17 /var/www/vendor/laravel/framework/src/Illuminate/Pipeline/Pipeline.php(103): Illuminate\\Pipeline\\Pipeline->Illuminate\\Pipeline\\{closure}(Object(Illuminate\\Http\\Request))
#18 /var/www/vendor/laravel/framework/src/Illuminate/Routing/Router.php(687): Illuminate\\Pipeline\\Pipeline->then(Object(Closure))
#19 /var/www/vendor/laravel/framework/src/Illuminate/Routing/Router.php(662): Illuminate\\Routing\\Router->runRouteWithinStack(Object(Illuminate\\Routing\\Route), Object(Illuminate\\Http\\Request))
#20 /var/www/vendor/laravel/framework/src/Illuminate/Routing/Router.php(628): Illuminate\\Routing\\Router->runRoute(Object(Illuminate\\Http\\Request), Object(Illuminate\\Routing\\Route))
#21 /var/www/vendor/laravel/framework/src/Illuminate/Routing/Router.php(617): Illuminate\\Routing\\Router->dispatchToRoute(Object(Illuminate\\Http\\Request))
#22 /var/www/vendor/laravel/framework/src/Illuminate/Foundation/Http/Kernel.php(165): Illuminate\\Routing\\Router->dispatch(Object(Illuminate\\Http\\Request))
#23 /var/www/vendor/laravel/framework/src/Illuminate/Pipeline/Pipeline.php(128): Illuminate\\Foundation\\Http\\Kernel->Illuminate\\Foundation\\Http\\{closure}(Object(Illuminate\\Http\\Request))
#24 /var/www/vendor/laravel/framework/src/Illuminate/Foundation/Http/Middleware/TransformsRequest.php(21): Illuminate\\Pipeline\\Pipeline->Illuminate\\Pipeline\\{closure}(Object(Illuminate\\Http\\Request))
#25 /var/www/vendor/laravel/framework/src/Illuminate/Pipeline/Pipeline.php(167): Illuminate\\Foundation\\Http\\Middleware\\TransformsRequest->handle(Object(Illuminate\\Http\\Request), Object(Closure))
#26 /var/www/vendor/laravel/framework/src/Illuminate/Foundation/Http/Middleware/TransformsRequest.php(21): Illuminate\\Pipeline\\Pipeline->Illuminate\\Pipeline\\{closure}(Object(Illuminate\\Http\\Request))
#27 /var/www/vendor/laravel/framework/src/Illuminate/Pipeline/Pipeline.php(167): Illuminate\\Foundation\\Http\\Middleware\\TransformsRequest->handle(Object(Illuminate\\Http\\Request), Object(Closure))
#28 /var/www/vendor/laravel/framework/src/Illuminate/Foundation/Http/Middleware/ValidatePostSize.php(27): Illuminate\\Pipeline\\Pipeline->Illuminate\\Pipeline\\{closure}(Object(Illuminate\\Http\\Request))
#29 /var/www/vendor/laravel/framework/src/Illuminate/Pipeline/Pipeline.php(167): Illuminate\\Foundation\\Http\\Middleware\\ValidatePostSize->handle(Object(Illuminate\\Http\\Request), Object(Closure))
#30 /var/www/vendor/laravel/framework/src/Illuminate/Foundation/Http/Middleware/CheckForMaintenanceMode.php(63): Illuminate\\Pipeline\\Pipeline->Illuminate\\Pipeline\\{closure}(Object(Illuminate\\Http\\Request))
#31 /var/www/vendor/laravel/framework/src/Illuminate/Pipeline/Pipeline.php(167): Illuminate\\Foundation\\Http\\Middleware\\CheckForMaintenanceMode->handle(Object(Illuminate\\Http\\Request), Object(Closure))
#32 /var/www/vendor/fruitcake/laravel-cors/src/HandleCors.php(37): Illuminate\\Pipeline\\Pipeline->Illuminate\\Pipeline\\{closure}(Object(Illuminate\\Http\\Request))
#33 /var/www/vendor/laravel/framework/src/Illuminate/Pipeline/Pipeline.php(167): Fruitcake\\Cors\\HandleCors->handle(Object(Illuminate\\Http\\Request), Object(Closure))
#34 /var/www/vendor/fideloper/proxy/src/TrustProxies.php(57): Illuminate\\Pipeline\\Pipeline->Illuminate\\Pipeline\\{closure}(Object(Illuminate\\Http\\Request))
#35 /var/www/vendor/laravel/framework/src/Illuminate/Pipeline/Pipeline.php(167): Fideloper\\Proxy\\TrustProxies->handle(Object(Illuminate\\Http\\Request), Object(Closure))
#36 /var/www/vendor/laravel/framework/src/Illuminate/Pipeline/Pipeline.php(103): Illuminate\\Pipeline\\Pipeline->Illuminate\\Pipeline\\{closure}(Object(Illuminate\\Http\\Request))
#37 /var/www/vendor/laravel/framework/src/Illuminate/Foundation/Http/Kernel.php(140): Illuminate\\Pipeline\\Pipeline->then(Object(Closure))
#38 /var/www/vendor/laravel/framework/src/Illuminate/Foundation/Http/Kernel.php(109): Illuminate\\Foundation\\Http\\Kernel->sendRequestThroughRouter(Object(Illuminate\\Http\\Request))
#39 /var/www/public/index.php(55): Illuminate\\Foundation\\Http\\Kernel->handle(Object(Illuminate\\Http\\Request))
#40 {main}
"} 
[2021-03-21 00:15:45] local.ERROR: No application encryption key has been specified. {"exception":"[object] (RuntimeException(code: 0): No application encryption key has been specified. at /var/www/vendor/laravel/framework/src/Illuminate/Encryption/EncryptionServiceProvider.php:80)
[stacktrace]
#0 /var/www/vendor/laravel/framework/src/Illuminate/Support/helpers.php(433): Illuminate\\Encryption\\EncryptionServiceProvider->Illuminate\\Encryption\\{closure}('')
#1 /var/www/vendor/laravel/framework/src/Illuminate/Encryption/EncryptionServiceProvider.php(84): tap('', Object(Closure))
#2 /var/www/vendor/laravel/framework/src/Illuminate/Encryption/EncryptionServiceProvider.php(61): Illuminate\\Encryption\\EncryptionServiceProvider->key(Array)
#3 /var/www/vendor/laravel/framework/src/Illuminate/Encryption/EncryptionServiceProvider.php(33): Illuminate\\Encryption\\EncryptionServiceProvider->parseKey(Array)
#4 /var/www/vendor/laravel/framework/src/Illuminate/Container/Container.php(805): Illuminate\\Encryption\\EncryptionServiceProvider->Illuminate\\Encryption\\{closure}(Object(Illuminate\\Foundation\\Application), Array)
#5 /var/www/vendor/laravel/framework/src/Illuminate/Container/Container.php(691): Illuminate\\Container\\Container->build(Object(Closure))
#6 /var/www/vendor/laravel/framework/src/Illuminate/Foundation/Application.php(796): Illuminate\\Container\\Container->resolve('encrypter', Array, true)
#7 /var/www/vendor/laravel/framework/src/Illuminate/Container/Container.php(637): Illuminate\\Foundation\\Application->resolve('encrypter', Array)
#8 /var/www/vendor/laravel/framework/src/Illuminate/Foundation/Application.php(781): Illuminate\\Container\\Container->make('encrypter', Array)
#9 /var/www/vendor/laravel/framework/src/Illuminate/Container/Container.php(959): Illuminate\\Foundation\\Application->make('encrypter')
#10 /var/www/vendor/laravel/framework/src/Illuminate/Container/Container.php(879): Illuminate\\Container\\Container->resolveClass(Object(ReflectionParameter))
#11 /var/www/vendor/laravel/framework/src/Illuminate/Container/Container.php(840): Illuminate\\Container\\Container->resolveDependencies(Array)
#12 /var/www/vendor/laravel/framework/src/Illuminate/Container/Container.php(691): Illuminate\\Container\\Container->build('App\\\\Http\\\\Middle...')
#13 /var/www/vendor/laravel/framework/src/Illuminate/Foundation/Application.php(796): Illuminate\\Container\\Container->resolve('App\\\\Http\\\\Middle...', Array, true)
#14 /var/www/vendor/laravel/framework/src/Illuminate/Container/Container.php(637): Illuminate\\Foundation\\Application->resolve('App\\\\Http\\\\Middle...', Array)
#15 /var/www/vendor/laravel/framework/src/Illuminate/Foundation/Application.php(781): Illuminate\\Container\\Container->make('App\\\\Http\\\\Middle...', Array)
#16 /var/www/vendor/laravel/framework/src/Illuminate/Foundation/Http/Kernel.php(204): Illuminate\\Foundation\\Application->make('App\\\\Http\\\\Middle...')
#17 /var/www/vendor/laravel/framework/src/Illuminate/Foundation/Http/Kernel.php(178): Illuminate\\Foundation\\Http\\Kernel->terminateMiddleware(Object(Illuminate\\Http\\Request), Object(Illuminate\\Http\\Response))
#18 /var/www/public/index.php(60): Illuminate\\Foundation\\Http\\Kernel->terminate(Object(Illuminate\\Http\\Request), Object(Illuminate\\Http\\Response))
#19 {main}
"} 
[2021-03-21 00:15:45] local.ERROR: No application encryption key has been specified. {"exception":"[object] (RuntimeException(code: 0): No application encryption key has been specified. at /var/www/vendor/laravel/framework/src/Illuminate/Encryption/EncryptionServiceProvider.php:80)
[stacktrace]
#0 /var/www/vendor/laravel/framework/src/Illuminate/Support/helpers.php(433): Illuminate\\Encryption\\EncryptionServiceProvider->Illuminate\\Encryption\\{closure}('')
#1 /var/www/vendor/laravel/framework/src/Illuminate/Encryption/EncryptionServiceProvider.php(84): tap('', Object(Closure))
#2 /var/www/vendor/laravel/framework/src/Illuminate/Encryption/EncryptionServiceProvider.php(61): Illuminate\\Encryption\\EncryptionServiceProvider->key(Array)
#3 /var/www/vendor/laravel/framework/src/Illuminate/Encryption/EncryptionServiceProvider.php(33): Illuminate\\Encryption\\EncryptionServiceProvider->parseKey(Array)
#4 /var/www/vendor/laravel/framework/src/Illuminate/Container/Container.php(805): Illuminate\\Encryption\\EncryptionServiceProvider->Illuminate\\Encryption\\{closure}(Object(Illuminate\\Foundation\\Application), Array)
#5 /var/www/vendor/laravel/framework/src/Illuminate/Container/Container.php(691): Illuminate\\Container\\Container->build(Object(Closure))
#6 /var/www/vendor/laravel/framework/src/Illuminate/Foundation/Application.php(796): Illuminate\\Container\\Container->resolve('encrypter', Array, true)
#7 /var/www/vendor/laravel/framework/src/Illuminate/Container/Container.php(637): Illuminate\\Foundation\\Application->resolve('encrypter', Array)
#8 /var/www/vendor/laravel/framework/src/Illuminate/Foundation/Application.php(781): Illuminate\\Container\\Container->make('encrypter', Array)
#9 /var/www/vendor/laravel/framework/src/Illuminate/Container/Container.php(959): Illuminate\\Foundation\\Application->make('encrypter')
#10 /var/www/vendor/laravel/framework/src/Illuminate/Container/Container.php(879): Illuminate\\Container\\Container->resolveClass(Object(ReflectionParameter))
#11 /var/www/vendor/laravel/framework/src/Illuminate/Container/Container.php(840): Illuminate\\Container\\Container->resolveDependencies(Array)
#12 /var/www/vendor/laravel/framework/src/Illuminate/Container/Container.php(691): Illuminate\\Container\\Container->build('App\\\\Http\\\\Middle...')
#13 /var/www/vendor/laravel/framework/src/Illuminate/Foundation/Application.php(796): Illuminate\\Container\\Container->resolve('App\\\\Http\\\\Middle...', Array, true)
#14 /var/www/vendor/laravel/framework/src/Illuminate/Container/Container.php(637): Illuminate\\Foundation\\Application->resolve('App\\\\Http\\\\Middle...', Array)
#15 /var/www/vendor/laravel/framework/src/Illuminate/Foundation/Application.php(781): Illuminate\\Container\\Container->make('App\\\\Http\\\\Middle...', Array)
#16 /var/www/vendor/laravel/framework/src/Illuminate/Pipeline/Pipeline.php(156): Illuminate\\Foundation\\Application->make('App\\\\Http\\\\Middle...')
#17 /var/www/vendor/laravel/framework/src/Illuminate/Pipeline/Pipeline.php(103): Illuminate\\Pipeline\\Pipeline->Illuminate\\Pipeline\\{closure}(Object(Illuminate\\Http\\Request))
#18 /var/www/vendor/laravel/framework/src/Illuminate/Routing/Router.php(687): Illuminate\\Pipeline\\Pipeline->then(Object(Closure))
#19 /var/www/vendor/laravel/framework/src/Illuminate/Routing/Router.php(662): Illuminate\\Routing\\Router->runRouteWithinStack(Object(Illuminate\\Routing\\Route), Object(Illuminate\\Http\\Request))
#20 /var/www/vendor/laravel/framework/src/Illuminate/Routing/Router.php(628): Illuminate\\Routing\\Router->runRoute(Object(Illuminate\\Http\\Request), Object(Illuminate\\Routing\\Route))
#21 /var/www/vendor/laravel/framework/src/Illuminate/Routing/Router.php(617): Illuminate\\Routing\\Router->dispatchToRoute(Object(Illuminate\\Http\\Request))
#22 /var/www/vendor/laravel/framework/src/Illuminate/Foundation/Http/Kernel.php(165): Illuminate\\Routing\\Router->dispatch(Object(Illuminate\\Http\\Request))
#23 /var/www/vendor/laravel/framework/src/Illuminate/Pipeline/Pipeline.php(128): Illuminate\\Foundation\\Http\\Kernel->Illuminate\\Foundation\\Http\\{closure}(Object(Illuminate\\Http\\Request))
#24 /var/www/vendor/laravel/framework/src/Illuminate/Foundation/Http/Middleware/TransformsRequest.php(21): Illuminate\\Pipeline\\Pipeline->Illuminate\\Pipeline\\{closure}(Object(Illuminate\\Http\\Request))
#25 /var/www/vendor/laravel/framework/src/Illuminate/Pipeline/Pipeline.php(167): Illuminate\\Foundation\\Http\\Middleware\\TransformsRequest->handle(Object(Illuminate\\Http\\Request), Object(Closure))
#26 /var/www/vendor/laravel/framework/src/Illuminate/Foundation/Http/Middleware/TransformsRequest.php(21): Illuminate\\Pipeline\\Pipeline->Illuminate\\Pipeline\\{closure}(Object(Illuminate\\Http\\Request))
#27 /var/www/vendor/laravel/framework/src/Illuminate/Pipeline/Pipeline.php(167): Illuminate\\Foundation\\Http\\Middleware\\TransformsRequest->handle(Object(Illuminate\\Http\\Request), Object(Closure))
#28 /var/www/vendor/laravel/framework/src/Illuminate/Foundation/Http/Middleware/ValidatePostSize.php(27): Illuminate\\Pipeline\\Pipeline->Illuminate\\Pipeline\\{closure}(Object(Illuminate\\Http\\Request))
#29 /var/www/vendor/laravel/framework/src/Illuminate/Pipeline/Pipeline.php(167): Illuminate\\Foundation\\Http\\Middleware\\ValidatePostSize->handle(Object(Illuminate\\Http\\Request), Object(Closure))
#30 /var/www/vendor/laravel/framework/src/Illuminate/Foundation/Http/Middleware/CheckForMaintenanceMode.php(63): Illuminate\\Pipeline\\Pipeline->Illuminate\\Pipeline\\{closure}(Object(Illuminate\\Http\\Request))
#31 /var/www/vendor/laravel/framework/src/Illuminate/Pipeline/Pipeline.php(167): Illuminate\\Foundation\\Http\\Middleware\\CheckForMaintenanceMode->handle(Object(Illuminate\\Http\\Request), Object(Closure))
#32 /var/www/vendor/fruitcake/laravel-cors/src/HandleCors.php(37): Illuminate\\Pipeline\\Pipeline->Illuminate\\Pipeline\\{closure}(Object(Illuminate\\Http\\Request))
#33 /var/www/vendor/laravel/framework/src/Illuminate/Pipeline/Pipeline.php(167): Fruitcake\\Cors\\HandleCors->handle(Object(Illuminate\\Http\\Request), Object(Closure))
#34 /var/www/vendor/fideloper/proxy/src/TrustProxies.php(57): Illuminate\\Pipeline\\Pipeline->Illuminate\\Pipeline\\{closure}(Object(Illuminate\\Http\\Request))
#35 /var/www/vendor/laravel/framework/src/Illuminate/Pipeline/Pipeline.php(167): Fideloper\\Proxy\\TrustProxies->handle(Object(Illuminate\\Http\\Request), Object(Closure))
#36 /var/www/vendor/laravel/framework/src/Illuminate/Pipeline/Pipeline.php(103): Illuminate\\Pipeline\\Pipeline->Illuminate\\Pipeline\\{closure}(Object(Illuminate\\Http\\Request))
#37 /var/www/vendor/laravel/framework/src/Illuminate/Foundation/Http/Kernel.php(140): Illuminate\\Pipeline\\Pipeline->then(Object(Closure))
#38 /var/www/vendor/laravel/framework/src/Illuminate/Foundation/Http/Kernel.php(109): Illuminate\\Foundation\\Http\\Kernel->sendRequestThroughRouter(Object(Illuminate\\Http\\Request))
#39 /var/www/public/index.php(55): Illuminate\\Foundation\\Http\\Kernel->handle(Object(Illuminate\\Http\\Request))
#40 {main}
"} 
[2021-03-21 00:15:45] local.ERROR: No application encryption key has been specified. {"exception":"[object] (RuntimeException(code: 0): No application encryption key has been specified. at /var/www/vendor/laravel/framework/src/Illuminate/Encryption/EncryptionServiceProvider.php:80)
[stacktrace]
#0 /var/www/vendor/laravel/framework/src/Illuminate/Support/helpers.php(433): Illuminate\\Encryption\\EncryptionServiceProvider->Illuminate\\Encryption\\{closure}('')
#1 /var/www/vendor/laravel/framework/src/Illuminate/Encryption/EncryptionServiceProvider.php(84): tap('', Object(Closure))
#2 /var/www/vendor/laravel/framework/src/Illuminate/Encryption/EncryptionServiceProvider.php(61): Illuminate\\Encryption\\EncryptionServiceProvider->key(Array)
#3 /var/www/vendor/laravel/framework/src/Illuminate/Encryption/EncryptionServiceProvider.php(33): Illuminate\\Encryption\\EncryptionServiceProvider->parseKey(Array)
#4 /var/www/vendor/laravel/framework/src/Illuminate/Container/Container.php(805): Illuminate\\Encryption\\EncryptionServiceProvider->Illuminate\\Encryption\\{closure}(Object(Illuminate\\Foundation\\Application), Array)
#5 /var/www/vendor/laravel/framework/src/Illuminate/Container/Container.php(691): Illuminate\\Container\\Container->build(Object(Closure))
#6 /var/www/vendor/laravel/framework/src/Illuminate/Foundation/Application.php(796): Illuminate\\Container\\Container->resolve('encrypter', Array, true)
#7 /var/www/vendor/laravel/framework/src/Illuminate/Container/Container.php(637): Illuminate\\Foundation\\Application->resolve('encrypter', Array)
#8 /var/www/vendor/laravel/framework/src/Illuminate/Foundation/Application.php(781): Illuminate\\Container\\Container->make('encrypter', Array)
#9 /var/www/vendor/laravel/framework/src/Illuminate/Container/Container.php(959): Illuminate\\Foundation\\Application->make('encrypter')
#10 /var/www/vendor/laravel/framework/src/Illuminate/Container/Container.php(879): Illuminate\\Container\\Container->resolveClass(Object(ReflectionParameter))
#11 /var/www/vendor/laravel/framework/src/Illuminate/Container/Container.php(840): Illuminate\\Container\\Container->resolveDependencies(Array)
#12 /var/www/vendor/laravel/framework/src/Illuminate/Container/Container.php(691): Illuminate\\Container\\Container->build('App\\\\Http\\\\Middle...')
#13 /var/www/vendor/laravel/framework/src/Illuminate/Foundation/Application.php(796): Illuminate\\Container\\Container->resolve('App\\\\Http\\\\Middle...', Array, true)
#14 /var/www/vendor/laravel/framework/src/Illuminate/Container/Container.php(637): Illuminate\\Foundation\\Application->resolve('App\\\\Http\\\\Middle...', Array)
#15 /var/www/vendor/laravel/framework/src/Illuminate/Foundation/Application.php(781): Illuminate\\Container\\Container->make('App\\\\Http\\\\Middle...', Array)
#16 /var/www/vendor/laravel/framework/src/Illuminate/Foundation/Http/Kernel.php(204): Illuminate\\Foundation\\Application->make('App\\\\Http\\\\Middle...')
#17 /var/www/vendor/laravel/framework/src/Illuminate/Foundation/Http/Kernel.php(178): Illuminate\\Foundation\\Http\\Kernel->terminateMiddleware(Object(Illuminate\\Http\\Request), Object(Illuminate\\Http\\Response))
#18 /var/www/public/index.php(60): Illuminate\\Foundation\\Http\\Kernel->terminate(Object(Illuminate\\Http\\Request), Object(Illuminate\\Http\\Response))
#19 {main}
"} 
[2021-03-21 00:16:10] local.ERROR: No application encryption key has been specified. {"exception":"[object] (RuntimeException(code: 0): No application encryption key has been specified. at /var/www/vendor/laravel/framework/src/Illuminate/Encryption/EncryptionServiceProvider.php:80)
[stacktrace]
#0 /var/www/vendor/laravel/framework/src/Illuminate/Support/helpers.php(433): Illuminate\\Encryption\\EncryptionServiceProvider->Illuminate\\Encryption\\{closure}('')
#1 /var/www/vendor/laravel/framework/src/Illuminate/Encryption/EncryptionServiceProvider.php(84): tap('', Object(Closure))
#2 /var/www/vendor/laravel/framework/src/Illuminate/Encryption/EncryptionServiceProvider.php(61): Illuminate\\Encryption\\EncryptionServiceProvider->key(Array)
#3 /var/www/vendor/laravel/framework/src/Illuminate/Encryption/EncryptionServiceProvider.php(33): Illuminate\\Encryption\\EncryptionServiceProvider->parseKey(Array)
#4 /var/www/vendor/laravel/framework/src/Illuminate/Container/Container.php(805): Illuminate\\Encryption\\EncryptionServiceProvider->Illuminate\\Encryption\\{closure}(Object(Illuminate\\Foundation\\Application), Array)
#5 /var/www/vendor/laravel/framework/src/Illuminate/Container/Container.php(691): Illuminate\\Container\\Container->build(Object(Closure))
#6 /var/www/vendor/laravel/framework/src/Illuminate/Foundation/Application.php(796): Illuminate\\Container\\Container->resolve('encrypter', Array, true)
#7 /var/www/vendor/laravel/framework/src/Illuminate/Container/Container.php(637): Illuminate\\Foundation\\Application->resolve('encrypter', Array)
#8 /var/www/vendor/laravel/framework/src/Illuminate/Foundation/Application.php(781): Illuminate\\Container\\Container->make('encrypter', Array)
#9 /var/www/vendor/laravel/framework/src/Illuminate/Container/Container.php(959): Illuminate\\Foundation\\Application->make('encrypter')
#10 /var/www/vendor/laravel/framework/src/Illuminate/Container/Container.php(879): Illuminate\\Container\\Container->resolveClass(Object(ReflectionParameter))
#11 /var/www/vendor/laravel/framework/src/Illuminate/Container/Container.php(840): Illuminate\\Container\\Container->resolveDependencies(Array)
#12 /var/www/vendor/laravel/framework/src/Illuminate/Container/Container.php(691): Illuminate\\Container\\Container->build('App\\\\Http\\\\Middle...')
#13 /var/www/vendor/laravel/framework/src/Illuminate/Foundation/Application.php(796): Illuminate\\Container\\Container->resolve('App\\\\Http\\\\Middle...', Array, true)
#14 /var/www/vendor/laravel/framework/src/Illuminate/Container/Container.php(637): Illuminate\\Foundation\\Application->resolve('App\\\\Http\\\\Middle...', Array)
#15 /var/www/vendor/laravel/framework/src/Illuminate/Foundation/Application.php(781): Illuminate\\Container\\Container->make('App\\\\Http\\\\Middle...', Array)
#16 /var/www/vendor/laravel/framework/src/Illuminate/Pipeline/Pipeline.php(156): Illuminate\\Foundation\\Application->make('App\\\\Http\\\\Middle...')
#17 /var/www/vendor/laravel/framework/src/Illuminate/Pipeline/Pipeline.php(103): Illuminate\\Pipeline\\Pipeline->Illuminate\\Pipeline\\{closure}(Object(Illuminate\\Http\\Request))
#18 /var/www/vendor/laravel/framework/src/Illuminate/Routing/Router.php(687): Illuminate\\Pipeline\\Pipeline->then(Object(Closure))
#19 /var/www/vendor/laravel/framework/src/Illuminate/Routing/Router.php(662): Illuminate\\Routing\\Router->runRouteWithinStack(Object(Illuminate\\Routing\\Route), Object(Illuminate\\Http\\Request))
#20 /var/www/vendor/laravel/framework/src/Illuminate/Routing/Router.php(628): Illuminate\\Routing\\Router->runRoute(Object(Illuminate\\Http\\Request), Object(Illuminate\\Routing\\Route))
#21 /var/www/vendor/laravel/framework/src/Illuminate/Routing/Router.php(617): Illuminate\\Routing\\Router->dispatchToRoute(Object(Illuminate\\Http\\Request))
#22 /var/www/vendor/laravel/framework/src/Illuminate/Foundation/Http/Kernel.php(165): Illuminate\\Routing\\Router->dispatch(Object(Illuminate\\Http\\Request))
#23 /var/www/vendor/laravel/framework/src/Illuminate/Pipeline/Pipeline.php(128): Illuminate\\Foundation\\Http\\Kernel->Illuminate\\Foundation\\Http\\{closure}(Object(Illuminate\\Http\\Request))
#24 /var/www/vendor/laravel/framework/src/Illuminate/Foundation/Http/Middleware/TransformsRequest.php(21): Illuminate\\Pipeline\\Pipeline->Illuminate\\Pipeline\\{closure}(Object(Illuminate\\Http\\Request))
#25 /var/www/vendor/laravel/framework/src/Illuminate/Pipeline/Pipeline.php(167): Illuminate\\Foundation\\Http\\Middleware\\TransformsRequest->handle(Object(Illuminate\\Http\\Request), Object(Closure))
#26 /var/www/vendor/laravel/framework/src/Illuminate/Foundation/Http/Middleware/TransformsRequest.php(21): Illuminate\\Pipeline\\Pipeline->Illuminate\\Pipeline\\{closure}(Object(Illuminate\\Http\\Request))
#27 /var/www/vendor/laravel/framework/src/Illuminate/Pipeline/Pipeline.php(167): Illuminate\\Foundation\\Http\\Middleware\\TransformsRequest->handle(Object(Illuminate\\Http\\Request), Object(Closure))
#28 /var/www/vendor/laravel/framework/src/Illuminate/Foundation/Http/Middleware/ValidatePostSize.php(27): Illuminate\\Pipeline\\Pipeline->Illuminate\\Pipeline\\{closure}(Object(Illuminate\\Http\\Request))
#29 /var/www/vendor/laravel/framework/src/Illuminate/Pipeline/Pipeline.php(167): Illuminate\\Foundation\\Http\\Middleware\\ValidatePostSize->handle(Object(Illuminate\\Http\\Request), Object(Closure))
#30 /var/www/vendor/laravel/framework/src/Illuminate/Foundation/Http/Middleware/CheckForMaintenanceMode.php(63): Illuminate\\Pipeline\\Pipeline->Illuminate\\Pipeline\\{closure}(Object(Illuminate\\Http\\Request))
#31 /var/www/vendor/laravel/framework/src/Illuminate/Pipeline/Pipeline.php(167): Illuminate\\Foundation\\Http\\Middleware\\CheckForMaintenanceMode->handle(Object(Illuminate\\Http\\Request), Object(Closure))
#32 /var/www/vendor/fruitcake/laravel-cors/src/HandleCors.php(37): Illuminate\\Pipeline\\Pipeline->Illuminate\\Pipeline\\{closure}(Object(Illuminate\\Http\\Request))
#33 /var/www/vendor/laravel/framework/src/Illuminate/Pipeline/Pipeline.php(167): Fruitcake\\Cors\\HandleCors->handle(Object(Illuminate\\Http\\Request), Object(Closure))
#34 /var/www/vendor/fideloper/proxy/src/TrustProxies.php(57): Illuminate\\Pipeline\\Pipeline->Illuminate\\Pipeline\\{closure}(Object(Illuminate\\Http\\Request))
#35 /var/www/vendor/laravel/framework/src/Illuminate/Pipeline/Pipeline.php(167): Fideloper\\Proxy\\TrustProxies->handle(Object(Illuminate\\Http\\Request), Object(Closure))
#36 /var/www/vendor/laravel/framework/src/Illuminate/Pipeline/Pipeline.php(103): Illuminate\\Pipeline\\Pipeline->Illuminate\\Pipeline\\{closure}(Object(Illuminate\\Http\\Request))
#37 /var/www/vendor/laravel/framework/src/Illuminate/Foundation/Http/Kernel.php(140): Illuminate\\Pipeline\\Pipeline->then(Object(Closure))
#38 /var/www/vendor/laravel/framework/src/Illuminate/Foundation/Http/Kernel.php(109): Illuminate\\Foundation\\Http\\Kernel->sendRequestThroughRouter(Object(Illuminate\\Http\\Request))
#39 /var/www/public/index.php(55): Illuminate\\Foundation\\Http\\Kernel->handle(Object(Illuminate\\Http\\Request))
#40 {main}
"} 
[2021-03-21 00:16:10] local.ERROR: No application encryption key has been specified. {"exception":"[object] (RuntimeException(code: 0): No application encryption key has been specified. at /var/www/vendor/laravel/framework/src/Illuminate/Encryption/EncryptionServiceProvider.php:80)
[stacktrace]
#0 /var/www/vendor/laravel/framework/src/Illuminate/Support/helpers.php(433): Illuminate\\Encryption\\EncryptionServiceProvider->Illuminate\\Encryption\\{closure}('')
#1 /var/www/vendor/laravel/framework/src/Illuminate/Encryption/EncryptionServiceProvider.php(84): tap('', Object(Closure))
#2 /var/www/vendor/laravel/framework/src/Illuminate/Encryption/EncryptionServiceProvider.php(61): Illuminate\\Encryption\\EncryptionServiceProvider->key(Array)
#3 /var/www/vendor/laravel/framework/src/Illuminate/Encryption/EncryptionServiceProvider.php(33): Illuminate\\Encryption\\EncryptionServiceProvider->parseKey(Array)
#4 /var/www/vendor/laravel/framework/src/Illuminate/Container/Container.php(805): Illuminate\\Encryption\\EncryptionServiceProvider->Illuminate\\Encryption\\{closure}(Object(Illuminate\\Foundation\\Application), Array)
#5 /var/www/vendor/laravel/framework/src/Illuminate/Container/Container.php(691): Illuminate\\Container\\Container->build(Object(Closure))
#6 /var/www/vendor/laravel/framework/src/Illuminate/Foundation/Application.php(796): Illuminate\\Container\\Container->resolve('encrypter', Array, true)
#7 /var/www/vendor/laravel/framework/src/Illuminate/Container/Container.php(637): Illuminate\\Foundation\\Application->resolve('encrypter', Array)
#8 /var/www/vendor/laravel/framework/src/Illuminate/Foundation/Application.php(781): Illuminate\\Container\\Container->make('encrypter', Array)
#9 /var/www/vendor/laravel/framework/src/Illuminate/Container/Container.php(959): Illuminate\\Foundation\\Application->make('encrypter')
#10 /var/www/vendor/laravel/framework/src/Illuminate/Container/Container.php(879): Illuminate\\Container\\Container->resolveClass(Object(ReflectionParameter))
#11 /var/www/vendor/laravel/framework/src/Illuminate/Container/Container.php(840): Illuminate\\Container\\Container->resolveDependencies(Array)
#12 /var/www/vendor/laravel/framework/src/Illuminate/Container/Container.php(691): Illuminate\\Container\\Container->build('App\\\\Http\\\\Middle...')
#13 /var/www/vendor/laravel/framework/src/Illuminate/Foundation/Application.php(796): Illuminate\\Container\\Container->resolve('App\\\\Http\\\\Middle...', Array, true)
#14 /var/www/vendor/laravel/framework/src/Illuminate/Container/Container.php(637): Illuminate\\Foundation\\Application->resolve('App\\\\Http\\\\Middle...', Array)
#15 /var/www/vendor/laravel/framework/src/Illuminate/Foundation/Application.php(781): Illuminate\\Container\\Container->make('App\\\\Http\\\\Middle...', Array)
#16 /var/www/vendor/laravel/framework/src/Illuminate/Foundation/Http/Kernel.php(204): Illuminate\\Foundation\\Application->make('App\\\\Http\\\\Middle...')
#17 /var/www/vendor/laravel/framework/src/Illuminate/Foundation/Http/Kernel.php(178): Illuminate\\Foundation\\Http\\Kernel->terminateMiddleware(Object(Illuminate\\Http\\Request), Object(Illuminate\\Http\\Response))
#18 /var/www/public/index.php(60): Illuminate\\Foundation\\Http\\Kernel->terminate(Object(Illuminate\\Http\\Request), Object(Illuminate\\Http\\Response))
#19 {main}
"} 
[2021-03-21 00:16:10] local.ERROR: No application encryption key has been specified. {"exception":"[object] (RuntimeException(code: 0): No application encryption key has been specified. at /var/www/vendor/laravel/framework/src/Illuminate/Encryption/EncryptionServiceProvider.php:80)
[stacktrace]
#0 /var/www/vendor/laravel/framework/src/Illuminate/Support/helpers.php(433): Illuminate\\Encryption\\EncryptionServiceProvider->Illuminate\\Encryption\\{closure}('')
#1 /var/www/vendor/laravel/framework/src/Illuminate/Encryption/EncryptionServiceProvider.php(84): tap('', Object(Closure))
#2 /var/www/vendor/laravel/framework/src/Illuminate/Encryption/EncryptionServiceProvider.php(61): Illuminate\\Encryption\\EncryptionServiceProvider->key(Array)
#3 /var/www/vendor/laravel/framework/src/Illuminate/Encryption/EncryptionServiceProvider.php(33): Illuminate\\Encryption\\EncryptionServiceProvider->parseKey(Array)
#4 /var/www/vendor/laravel/framework/src/Illuminate/Container/Container.php(805): Illuminate\\Encryption\\EncryptionServiceProvider->Illuminate\\Encryption\\{closure}(Object(Illuminate\\Foundation\\Application), Array)
#5 /var/www/vendor/laravel/framework/src/Illuminate/Container/Container.php(691): Illuminate\\Container\\Container->build(Object(Closure))
#6 /var/www/vendor/laravel/framework/src/Illuminate/Foundation/Application.php(796): Illuminate\\Container\\Container->resolve('encrypter', Array, true)
#7 /var/www/vendor/laravel/framework/src/Illuminate/Container/Container.php(637): Illuminate\\Foundation\\Application->resolve('encrypter', Array)
#8 /var/www/vendor/laravel/framework/src/Illuminate/Foundation/Application.php(781): Illuminate\\Container\\Container->make('encrypter', Array)
#9 /var/www/vendor/laravel/framework/src/Illuminate/Container/Container.php(959): Illuminate\\Foundation\\Application->make('encrypter')
#10 /var/www/vendor/laravel/framework/src/Illuminate/Container/Container.php(879): Illuminate\\Container\\Container->resolveClass(Object(ReflectionParameter))
#11 /var/www/vendor/laravel/framework/src/Illuminate/Container/Container.php(840): Illuminate\\Container\\Container->resolveDependencies(Array)
#12 /var/www/vendor/laravel/framework/src/Illuminate/Container/Container.php(691): Illuminate\\Container\\Container->build('App\\\\Http\\\\Middle...')
#13 /var/www/vendor/laravel/framework/src/Illuminate/Foundation/Application.php(796): Illuminate\\Container\\Container->resolve('App\\\\Http\\\\Middle...', Array, true)
#14 /var/www/vendor/laravel/framework/src/Illuminate/Container/Container.php(637): Illuminate\\Foundation\\Application->resolve('App\\\\Http\\\\Middle...', Array)
#15 /var/www/vendor/laravel/framework/src/Illuminate/Foundation/Application.php(781): Illuminate\\Container\\Container->make('App\\\\Http\\\\Middle...', Array)
#16 /var/www/vendor/laravel/framework/src/Illuminate/Pipeline/Pipeline.php(156): Illuminate\\Foundation\\Application->make('App\\\\Http\\\\Middle...')
#17 /var/www/vendor/laravel/framework/src/Illuminate/Pipeline/Pipeline.php(103): Illuminate\\Pipeline\\Pipeline->Illuminate\\Pipeline\\{closure}(Object(Illuminate\\Http\\Request))
#18 /var/www/vendor/laravel/framework/src/Illuminate/Routing/Router.php(687): Illuminate\\Pipeline\\Pipeline->then(Object(Closure))
#19 /var/www/vendor/laravel/framework/src/Illuminate/Routing/Router.php(662): Illuminate\\Routing\\Router->runRouteWithinStack(Object(Illuminate\\Routing\\Route), Object(Illuminate\\Http\\Request))
#20 /var/www/vendor/laravel/framework/src/Illuminate/Routing/Router.php(628): Illuminate\\Routing\\Router->runRoute(Object(Illuminate\\Http\\Request), Object(Illuminate\\Routing\\Route))
#21 /var/www/vendor/laravel/framework/src/Illuminate/Routing/Router.php(617): Illuminate\\Routing\\Router->dispatchToRoute(Object(Illuminate\\Http\\Request))
#22 /var/www/vendor/laravel/framework/src/Illuminate/Foundation/Http/Kernel.php(165): Illuminate\\Routing\\Router->dispatch(Object(Illuminate\\Http\\Request))
#23 /var/www/vendor/laravel/framework/src/Illuminate/Pipeline/Pipeline.php(128): Illuminate\\Foundation\\Http\\Kernel->Illuminate\\Foundation\\Http\\{closure}(Object(Illuminate\\Http\\Request))
#24 /var/www/vendor/laravel/framework/src/Illuminate/Foundation/Http/Middleware/TransformsRequest.php(21): Illuminate\\Pipeline\\Pipeline->Illuminate\\Pipeline\\{closure}(Object(Illuminate\\Http\\Request))
#25 /var/www/vendor/laravel/framework/src/Illuminate/Pipeline/Pipeline.php(167): Illuminate\\Foundation\\Http\\Middleware\\TransformsRequest->handle(Object(Illuminate\\Http\\Request), Object(Closure))
#26 /var/www/vendor/laravel/framework/src/Illuminate/Foundation/Http/Middleware/TransformsRequest.php(21): Illuminate\\Pipeline\\Pipeline->Illuminate\\Pipeline\\{closure}(Object(Illuminate\\Http\\Request))
#27 /var/www/vendor/laravel/framework/src/Illuminate/Pipeline/Pipeline.php(167): Illuminate\\Foundation\\Http\\Middleware\\TransformsRequest->handle(Object(Illuminate\\Http\\Request), Object(Closure))
#28 /var/www/vendor/laravel/framework/src/Illuminate/Foundation/Http/Middleware/ValidatePostSize.php(27): Illuminate\\Pipeline\\Pipeline->Illuminate\\Pipeline\\{closure}(Object(Illuminate\\Http\\Request))
#29 /var/www/vendor/laravel/framework/src/Illuminate/Pipeline/Pipeline.php(167): Illuminate\\Foundation\\Http\\Middleware\\ValidatePostSize->handle(Object(Illuminate\\Http\\Request), Object(Closure))
#30 /var/www/vendor/laravel/framework/src/Illuminate/Foundation/Http/Middleware/CheckForMaintenanceMode.php(63): Illuminate\\Pipeline\\Pipeline->Illuminate\\Pipeline\\{closure}(Object(Illuminate\\Http\\Request))
#31 /var/www/vendor/laravel/framework/src/Illuminate/Pipeline/Pipeline.php(167): Illuminate\\Foundation\\Http\\Middleware\\CheckForMaintenanceMode->handle(Object(Illuminate\\Http\\Request), Object(Closure))
#32 /var/www/vendor/fruitcake/laravel-cors/src/HandleCors.php(37): Illuminate\\Pipeline\\Pipeline->Illuminate\\Pipeline\\{closure}(Object(Illuminate\\Http\\Request))
#33 /var/www/vendor/laravel/framework/src/Illuminate/Pipeline/Pipeline.php(167): Fruitcake\\Cors\\HandleCors->handle(Object(Illuminate\\Http\\Request), Object(Closure))
#34 /var/www/vendor/fideloper/proxy/src/TrustProxies.php(57): Illuminate\\Pipeline\\Pipeline->Illuminate\\Pipeline\\{closure}(Object(Illuminate\\Http\\Request))
#35 /var/www/vendor/laravel/framework/src/Illuminate/Pipeline/Pipeline.php(167): Fideloper\\Proxy\\TrustProxies->handle(Object(Illuminate\\Http\\Request), Object(Closure))
#36 /var/www/vendor/laravel/framework/src/Illuminate/Pipeline/Pipeline.php(103): Illuminate\\Pipeline\\Pipeline->Illuminate\\Pipeline\\{closure}(Object(Illuminate\\Http\\Request))
#37 /var/www/vendor/laravel/framework/src/Illuminate/Foundation/Http/Kernel.php(140): Illuminate\\Pipeline\\Pipeline->then(Object(Closure))
#38 /var/www/vendor/laravel/framework/src/Illuminate/Foundation/Http/Kernel.php(109): Illuminate\\Foundation\\Http\\Kernel->sendRequestThroughRouter(Object(Illuminate\\Http\\Request))
#39 /var/www/public/index.php(55): Illuminate\\Foundation\\Http\\Kernel->handle(Object(Illuminate\\Http\\Request))
#40 {main}
"} 
[2021-03-21 00:16:10] local.ERROR: No application encryption key has been specified. {"exception":"[object] (RuntimeException(code: 0): No application encryption key has been specified. at /var/www/vendor/laravel/framework/src/Illuminate/Encryption/EncryptionServiceProvider.php:80)
[stacktrace]
#0 /var/www/vendor/laravel/framework/src/Illuminate/Support/helpers.php(433): Illuminate\\Encryption\\EncryptionServiceProvider->Illuminate\\Encryption\\{closure}('')
#1 /var/www/vendor/laravel/framework/src/Illuminate/Encryption/EncryptionServiceProvider.php(84): tap('', Object(Closure))
#2 /var/www/vendor/laravel/framework/src/Illuminate/Encryption/EncryptionServiceProvider.php(61): Illuminate\\Encryption\\EncryptionServiceProvider->key(Array)
#3 /var/www/vendor/laravel/framework/src/Illuminate/Encryption/EncryptionServiceProvider.php(33): Illuminate\\Encryption\\EncryptionServiceProvider->parseKey(Array)
#4 /var/www/vendor/laravel/framework/src/Illuminate/Container/Container.php(805): Illuminate\\Encryption\\EncryptionServiceProvider->Illuminate\\Encryption\\{closure}(Object(Illuminate\\Foundation\\Application), Array)
#5 /var/www/vendor/laravel/framework/src/Illuminate/Container/Container.php(691): Illuminate\\Container\\Container->build(Object(Closure))
#6 /var/www/vendor/laravel/framework/src/Illuminate/Foundation/Application.php(796): Illuminate\\Container\\Container->resolve('encrypter', Array, true)
#7 /var/www/vendor/laravel/framework/src/Illuminate/Container/Container.php(637): Illuminate\\Foundation\\Application->resolve('encrypter', Array)
#8 /var/www/vendor/laravel/framework/src/Illuminate/Foundation/Application.php(781): Illuminate\\Container\\Container->make('encrypter', Array)
#9 /var/www/vendor/laravel/framework/src/Illuminate/Container/Container.php(959): Illuminate\\Foundation\\Application->make('encrypter')
#10 /var/www/vendor/laravel/framework/src/Illuminate/Container/Container.php(879): Illuminate\\Container\\Container->resolveClass(Object(ReflectionParameter))
#11 /var/www/vendor/laravel/framework/src/Illuminate/Container/Container.php(840): Illuminate\\Container\\Container->resolveDependencies(Array)
#12 /var/www/vendor/laravel/framework/src/Illuminate/Container/Container.php(691): Illuminate\\Container\\Container->build('App\\\\Http\\\\Middle...')
#13 /var/www/vendor/laravel/framework/src/Illuminate/Foundation/Application.php(796): Illuminate\\Container\\Container->resolve('App\\\\Http\\\\Middle...', Array, true)
#14 /var/www/vendor/laravel/framework/src/Illuminate/Container/Container.php(637): Illuminate\\Foundation\\Application->resolve('App\\\\Http\\\\Middle...', Array)
#15 /var/www/vendor/laravel/framework/src/Illuminate/Foundation/Application.php(781): Illuminate\\Container\\Container->make('App\\\\Http\\\\Middle...', Array)
#16 /var/www/vendor/laravel/framework/src/Illuminate/Foundation/Http/Kernel.php(204): Illuminate\\Foundation\\Application->make('App\\\\Http\\\\Middle...')
#17 /var/www/vendor/laravel/framework/src/Illuminate/Foundation/Http/Kernel.php(178): Illuminate\\Foundation\\Http\\Kernel->terminateMiddleware(Object(Illuminate\\Http\\Request), Object(Illuminate\\Http\\Response))
#18 /var/www/public/index.php(60): Illuminate\\Foundation\\Http\\Kernel->terminate(Object(Illuminate\\Http\\Request), Object(Illuminate\\Http\\Response))
#19 {main}
"} 
